<?xml version="1.0" encoding="UTF-8"?>
<!-- Generated by org.testng.reporters.JUnitReportReporter -->
<testsuite hostname="DESKTOP-QHVMIJE" failures="0" tests="1" name="testcases.LoginTest" time="4.447" errors="0" timestamp="2024-11-25T10:05:19 CET" skipped="0">
  <testcase classname="testcases.LoginTest" name="validLoginTest" time="4.447"/>
</testsuite> <!-- testcases.LoginTest -->
